<?xml version="1.0" encoding="UTF-8"?>
<testsuite name="cs271.lab.list.TestList" tests="12" skipped="0" failures="0" errors="0" timestamp="2017-10-01T19:43:14" hostname="ywang83-homework-5344633" time="0.009">
  <properties/>
  <testcase name="testSet" classname="cs271.lab.list.TestList" time="0.002"/>
  <testcase name="testAddMultiple" classname="cs271.lab.list.TestList" time="0.0"/>
  <testcase name="testRetainAll" classname="cs271.lab.list.TestList" time="0.0"/>
  <testcase name="testContainsAll" classname="cs271.lab.list.TestList" time="0.0"/>
  <testcase name="testAddMultiple2" classname="cs271.lab.list.TestList" time="0.0"/>
  <testcase name="testRemoveObject" classname="cs271.lab.list.TestList" time="0.0"/>
  <testcase name="testSizeNonEmpty" classname="cs271.lab.list.TestList" time="0.0"/>
  <testcase name="testContains" classname="cs271.lab.list.TestList" time="0.0"/>
  <testcase name="testSizeEmpty" classname="cs271.lab.list.TestList" time="0.0"/>
  <testcase name="testAddAll" classname="cs271.lab.list.TestList" time="0.0"/>
  <testcase name="testRemoveAll" classname="cs271.lab.list.TestList" time="0.0"/>
  <testcase name="testSubList" classname="cs271.lab.list.TestList" time="0.0"/>
  <system-out><![CDATA[]]></system-out>
  <system-err><![CDATA[]]></system-err>
</testsuite>
