<?xml version="1.0" encoding="UTF-8"?>
<testsuite name="cs271.lab.list.TestIterator" tests="4" skipped="0" failures="0" errors="0" timestamp="2017-10-01T19:43:14" hostname="ywang83-homework-5344633" time="0.002">
  <properties/>
  <testcase name="testEmpty" classname="cs271.lab.list.TestIterator" time="0.0"/>
  <testcase name="testAverageValues" classname="cs271.lab.list.TestIterator" time="0.0"/>
  <testcase name="testRemove" classname="cs271.lab.list.TestIterator" time="0.0"/>
  <testcase name="testNonempty" classname="cs271.lab.list.TestIterator" time="0.001"/>
  <system-out><![CDATA[]]></system-out>
  <system-err><![CDATA[]]></system-err>
</testsuite>
